ptr-lib/build/outputs/logs/manifest-merger-debug-report.txt
-- Merging decision tree log ---
manifest
ADDED from ptr-lib\AndroidManifest.xml:2:1-8:12
INJECTED from ptr-lib\AndroidManifest.xml:2:1-8:12
INJECTED from ptr-lib\AndroidManifest.xml:2:1-8:12
INJECTED from ptr-lib\AndroidManifest.xml:2:1-8:12
INJECTED from ptr-lib\AndroidManifest.xml:2:1-8:12
INJECTED from ptr-lib\AndroidManifest.xml:2:1-8:12
INJECTED from ptr-lib\AndroidManifest.xml:2:1-8:12
	package
		ADDED from ptr-lib\AndroidManifest.xml:3:5-38
		INJECTED from ptr-lib\AndroidManifest.xml
		INJECTED from ptr-lib\AndroidManifest.xml
	android:versionName
		ADDED from ptr-lib\AndroidManifest.xml:5:5-30
		INJECTED from ptr-lib\AndroidManifest.xml
		INJECTED from ptr-lib\AndroidManifest.xml
	xmlns:android
		ADDED from ptr-lib\AndroidManifest.xml:2:11-69
	android:versionCode
		ADDED from ptr-lib\AndroidManifest.xml:4:5-28
		INJECTED from ptr-lib\AndroidManifest.xml
		INJECTED from ptr-lib\AndroidManifest.xml
uses-sdk
INJECTED from ptr-lib\AndroidManifest.xml reason: use-sdk injection requested
INJECTED from ptr-lib\AndroidManifest.xml
INJECTED from ptr-lib\AndroidManifest.xml
INJECTED from ptr-lib\AndroidManifest.xml
INJECTED from ptr-lib\AndroidManifest.xml
	android:targetSdkVersion
		INJECTED from ptr-lib\AndroidManifest.xml
		ADDED from ptr-lib\AndroidManifest.xml
		INJECTED from ptr-lib\AndroidManifest.xml
	android:minSdkVersion
		INJECTED from ptr-lib\AndroidManifest.xml
		ADDED from ptr-lib\AndroidManifest.xml
		INJECTED from ptr-lib\AndroidManifest.xml